已經開始建置於 2017/6/5 下午 09:42:14。
     1>節點 2 (build 目標) 上的專案 "C:\Users\Administrator\Documents\Visual Studio 2010\Projects\Producer-Consumer Problem\Producer-Consumer Problem\Producer-Consumer Problem.vcxproj"。
     1>InitializeBuildStatus:
         由於指定了 "AlwaysCreate"，因此正在建立 "Debug\Producer-Consumer Problem.unsuccessfulbuild"。
       ClCompile:
         C:\Program Files (x86)\Microsoft Visual Studio 10.0\VC\bin\CL.exe /c /ZI /nologo /W3 /WX- /Od /Oy- /D WIN32 /D _DEBUG /D _CONSOLE /D _UNICODE /D UNICODE /Gm /EHsc /RTC1 /MDd /GS /fp:precise /Zc:wchar_t /Zc:forScope /Fo"Debug\\" /Fd"Debug\vc100.pdb" /Gd /TP /analyze- /errorReport:prompt "Producer-Consumer Problem.cpp"
         Producer-Consumer Problem.cpp
     1>c:\users\administrator\documents\visual studio 2010\projects\producer-consumer problem\producer-consumer problem\producer-consumer problem.cpp(54): warning C4244: '正在初始化' : 將 'double' 轉換為 'int'，由於型別不同，可能導致資料遺失
     1>c:\users\administrator\documents\visual studio 2010\projects\producer-consumer problem\producer-consumer problem\producer-consumer problem.cpp(71): warning C4996: 'sprintf': This function or variable may be unsafe. Consider using sprintf_s instead. To disable deprecation, use _CRT_SECURE_NO_WARNINGS. See online help for details.
                 c:\program files (x86)\microsoft visual studio 10.0\vc\include\stdio.h(371) : 請參閱 'sprintf' 的宣告
     1>c:\users\administrator\documents\visual studio 2010\projects\producer-consumer problem\producer-consumer problem\producer-consumer problem.cpp(89): warning C4244: '正在初始化' : 將 'double' 轉換為 'int'，由於型別不同，可能導致資料遺失
     1>c:\users\administrator\documents\visual studio 2010\projects\producer-consumer problem\producer-consumer problem\producer-consumer problem.cpp(138): warning C4996: 'scanf': This function or variable may be unsafe. Consider using scanf_s instead. To disable deprecation, use _CRT_SECURE_NO_WARNINGS. See online help for details.
                 c:\program files (x86)\microsoft visual studio 10.0\vc\include\stdio.h(304) : 請參閱 'scanf' 的宣告
       ManifestResourceCompile:
         所有輸出都是最新的。
       Link:
         C:\Program Files (x86)\Microsoft Visual Studio 10.0\VC\bin\link.exe /ERRORREPORT:PROMPT /OUT:"C:\Users\Administrator\Documents\Visual Studio 2010\Projects\Producer-Consumer Problem\Debug\Producer-Consumer Problem.exe" /INCREMENTAL /NOLOGO kernel32.lib user32.lib gdi32.lib winspool.lib comdlg32.lib advapi32.lib shell32.lib ole32.lib oleaut32.lib uuid.lib odbc32.lib odbccp32.lib kernel32.lib user32.lib gdi32.lib winspool.lib comdlg32.lib advapi32.lib shell32.lib ole32.lib oleaut32.lib uuid.lib odbc32.lib odbccp32.lib /MANIFEST /ManifestFile:"Debug\Producer-Consumer Problem.exe.intermediate.manifest" /MANIFESTUAC:"level='asInvoker' uiAccess='false'" /DEBUG /PDB:"C:\Users\Administrator\Documents\Visual Studio 2010\Projects\Producer-Consumer Problem\Debug\Producer-Consumer Problem.pdb" /SUBSYSTEM:CONSOLE /TLBID:1 /DYNAMICBASE /NXCOMPAT /IMPLIB:"C:\Users\Administrator\Documents\Visual Studio 2010\Projects\Producer-Consumer Problem\Debug\Producer-Consumer Problem.lib" /MACHINE:X86 "Debug\Producer-Consumer Problem.exe.embed.manifest.res"
         "Debug\Producer-Consumer Problem.obj"
       Manifest:
         C:\Program Files (x86)\Microsoft SDKs\Windows\v7.0A\bin\mt.exe /nologo /verbose /out:"Debug\Producer-Consumer Problem.exe.embed.manifest" /manifest "Debug\Producer-Consumer Problem.exe.intermediate.manifest"
         所有輸出都是最新的。
       LinkEmbedManifest:
         所有輸出都是最新的。
         Producer-Consumer Problem.vcxproj -> C:\Users\Administrator\Documents\Visual Studio 2010\Projects\Producer-Consumer Problem\Debug\Producer-Consumer Problem.exe
       FinalizeBuildStatus:
         正在刪除檔案 "Debug\Producer-Consumer Problem.unsuccessfulbuild"。
         正在變更時間戳記 "Debug\Producer-Consumer Problem.lastbuildstate"。
     1>專案 "C:\Users\Administrator\Documents\Visual Studio 2010\Projects\Producer-Consumer Problem\Producer-Consumer Problem\Producer-Consumer Problem.vcxproj" (build 目標) 建置完成。

建置成功。

經過時間 00:00:01.46
